<?xml version="1.0" encoding="UTF-8"?>
<!-- Generated by org.testng.reporters.JUnitXMLReporter -->
<testsuite hostname="A2ML42051" name="Negative" tests="2" failures="2" timestamp="4 Apr 2022 16:06:05 GMT" time="0.29" errors="0">
  <testcase name="@AfterClass tearDownClass" time="0.0" classname="com.mindtree.CucumberFramework.stepDefinations.Runner2">
    <failure type="cucumber.runtime.CucumberException" message="Only one formatter can use STDOUT, now both pretty and pretty use it. If you use more than one formatter you must specify output path with PLUGIN:PATH_OR_URL">
      <![CDATA[cucumber.runtime.CucumberException: Only one formatter can use STDOUT, now both pretty and pretty use it. If you use more than one formatter you must specify output path with PLUGIN:PATH_OR_URL
	at cucumber.runtime.formatter.PluginFactory.defaultOutOrFailIfAlreadyUsed(PluginFactory.java:185)
	at cucumber.runtime.formatter.PluginFactory.convertOrNull(PluginFactory.java:144)
	at cucumber.runtime.formatter.PluginFactory.instantiate(PluginFactory.java:99)
	at cucumber.runtime.formatter.PluginFactory.create(PluginFactory.java:87)
	at cucumber.runtime.RuntimeOptions.getPlugins(RuntimeOptions.java:245)
	at cucumber.runtime.RuntimeOptions$1.invoke(RuntimeOptions.java:291)
	at com.sun.proxy.$Proxy19.done(Unknown Source)
	at cucumber.api.testng.TestNGCucumberRunner.finish(TestNGCucumberRunner.java:76)
	at cucumber.api.testng.AbstractTestNGCucumberTests.tearDownClass(AbstractTestNGCucumberTests.java:34)
	at java.util.concurrent.FutureTask.run(Unknown Source)
	at java.util.concurrent.ThreadPoolExecutor.runWorker(Unknown Source)
	at java.util.concurrent.ThreadPoolExecutor$Worker.run(Unknown Source)
	at java.lang.Thread.run(Unknown Source)
... Removed 16 stack frames]]>
    </failure>
  </testcase> <!-- @AfterClass tearDownClass -->
  <testcase name="feature" time="0.01" classname="com.mindtree.CucumberFramework.stepDefinations.Runner2">
    <failure type="cucumber.runtime.CucumberException" message="java.lang.NoClassDefFoundError: freemarker/template/TemplateModelException">
      <![CDATA[cucumber.runtime.CucumberException: java.lang.NoClassDefFoundError: freemarker/template/TemplateModelException
	at cucumber.runtime.formatter.PluginFactory.instantiate(PluginFactory.java:114)
	at cucumber.runtime.formatter.PluginFactory.create(PluginFactory.java:87)
	at cucumber.runtime.RuntimeOptions.getPlugins(RuntimeOptions.java:245)
	at cucumber.runtime.RuntimeOptions$1.invoke(RuntimeOptions.java:291)
	at com.sun.proxy.$Proxy19.uri(Unknown Source)
	at cucumber.runtime.model.CucumberFeature.run(CucumberFeature.java:160)
	at cucumber.api.testng.TestNGCucumberRunner.runCucumber(TestNGCucumberRunner.java:63)
	at cucumber.api.testng.AbstractTestNGCucumberTests.feature(AbstractTestNGCucumberTests.java:21)
	at java.util.concurrent.FutureTask.run(Unknown Source)
	at java.util.concurrent.ThreadPoolExecutor.runWorker(Unknown Source)
	at java.util.concurrent.ThreadPoolExecutor$Worker.run(Unknown Source)
	at java.lang.Thread.run(Unknown Source)
Caused by: java.lang.NoClassDefFoundError: freemarker/template/TemplateModelException
	at com.cucumber.listener.ExtentCucumberFormatter.setExtentHtmlReport(ExtentCucumberFormatter.java:51)
	at com.cucumber.listener.ExtentCucumberFormatter.<init>(ExtentCucumberFormatter.java:35)
	at cucumber.runtime.formatter.PluginFactory.instantiate(PluginFactory.java:107)
	... 27 more
Caused by: java.lang.ClassNotFoundException: freemarker.template.TemplateModelException
	at java.net.URLClassLoader.findClass(Unknown Source)
	at java.lang.ClassLoader.loadClass(Unknown Source)
	at sun.misc.Launcher$AppClassLoader.loadClass(Unknown Source)
	at java.lang.ClassLoader.loadClass(Unknown Source)
	... 34 more
... Removed 20 stack frames]]>
    </failure>
  </testcase> <!-- feature -->
  <testcase name="feature" time="0.001" classname="com.mindtree.CucumberFramework.stepDefinations.Runner2">
    <failure type="cucumber.runtime.CucumberException" message="Only one formatter can use STDOUT, now both pretty and pretty use it. If you use more than one formatter you must specify output path with PLUGIN:PATH_OR_URL">
      <![CDATA[cucumber.runtime.CucumberException: Only one formatter can use STDOUT, now both pretty and pretty use it. If you use more than one formatter you must specify output path with PLUGIN:PATH_OR_URL
	at cucumber.runtime.formatter.PluginFactory.defaultOutOrFailIfAlreadyUsed(PluginFactory.java:185)
	at cucumber.runtime.formatter.PluginFactory.convertOrNull(PluginFactory.java:144)
	at cucumber.runtime.formatter.PluginFactory.instantiate(PluginFactory.java:99)
	at cucumber.runtime.formatter.PluginFactory.create(PluginFactory.java:87)
	at cucumber.runtime.RuntimeOptions.getPlugins(RuntimeOptions.java:245)
	at cucumber.runtime.RuntimeOptions$1.invoke(RuntimeOptions.java:291)
	at com.sun.proxy.$Proxy19.uri(Unknown Source)
	at cucumber.runtime.model.CucumberFeature.run(CucumberFeature.java:160)
	at cucumber.api.testng.TestNGCucumberRunner.runCucumber(TestNGCucumberRunner.java:63)
	at cucumber.api.testng.AbstractTestNGCucumberTests.feature(AbstractTestNGCucumberTests.java:21)
	at java.util.concurrent.FutureTask.run(Unknown Source)
	at java.util.concurrent.ThreadPoolExecutor.runWorker(Unknown Source)
	at java.util.concurrent.ThreadPoolExecutor$Worker.run(Unknown Source)
	at java.lang.Thread.run(Unknown Source)
... Removed 16 stack frames]]>
    </failure>
  </testcase> <!-- feature -->
</testsuite> <!-- Negative -->
