<?xml version="1.0" encoding="UTF-8"?>
<!-- Generated by org.testng.reporters.JUnitXMLReporter -->
<testsuite hostname="A2ML35313" name="Regression" tests="1" failures="0" timestamp="20 Feb 2021 07:08:14 GMT" time="26.392" errors="0">
  <testcase name="@AfterClass WriteExtentReport" time="0.0" classname="com.mindtree.CucumberFramework.stepDefinations.Runner">
    <failure type="java.lang.NoSuchMethodError" message="com.aventstack.extentreports.reporter.ExtentHtmlReporter.loadXMLConfig(Ljava/io/File;)V">
      <![CDATA[java.lang.NoSuchMethodError: com.aventstack.extentreports.reporter.ExtentHtmlReporter.loadXMLConfig(Ljava/io/File;)V
	at com.cucumber.listener.Reporter.loadXMLConfig(Reporter.java:56)
	at com.mindtree.CucumberFramework.stepDefinations.Runner.WriteExtentReport(Runner.java:28)
... Removed 24 stack frames]]>
    </failure>
  </testcase> <!-- @AfterClass WriteExtentReport -->
  <testcase name="feature" time="25.742" classname="com.mindtree.CucumberFramework.stepDefinations.Runner"/>
</testsuite> <!-- Regression -->
